============================= test session starts ==============================
platform darwin -- Python 3.12.11, pytest-8.4.2, pluggy-1.6.0 -- /Users/thiemo/Projects/combaero/.venv/bin/python
cachedir: .pytest_cache
rootdir: /Users/thiemo/Projects/combaero/cantera_validation_tests
configfile: pytest.ini
plugins: xdist-3.8.0, cov-4.1.0
collecting ... collected 12 items

test_combustion_validation.py::TestCompleteCombustion::test_methane_air_stoichiometric
CH4 stoich: CombAero=2327.7 K, Cantera=2327.6 K, diff=0.1 K
PASSED
test_combustion_validation.py::TestCompleteCombustion::test_methane_air_lean
CH4 lean (phi=0.8): CombAero=2016.8 K, Cantera=2016.9 K, diff=0.1 K
PASSED
test_combustion_validation.py::TestCompleteCombustion::test_propane_air_stoichiometric
C3H8 stoich: CombAero=2389.6 K, Cantera=2394.2 K, diff=4.6 K
PASSED
test_combustion_validation.py::TestCompleteCombustion::test_hydrogen_air_stoichiometric
H2 stoich: CombAero=2522.1 K, Cantera=2521.7 K, diff=0.4 K
PASSED
test_combustion_validation.py::TestCompleteCombustion::test_temperature_variation
T_in=300.0 K: CombAero=2327.7 K, Cantera=2327.6 K, diff=0.1 K

T_in=400.0 K: CombAero=2399.2 K, Cantera=2399.1 K, diff=0.1 K

T_in=500.0 K: CombAero=2472.5 K, Cantera=2472.4 K, diff=0.0 K

T_in=600.0 K: CombAero=2548.1 K, Cantera=2548.0 K, diff=0.1 K

Max temperature deviation: 0.1 K
PASSED
test_combustion_validation.py::TestCompleteCombustion::test_pressure_variation
P_in=1.0 bar: CombAero=2327.7 K, Cantera=2327.6 K, diff=0.1 K

P_in=2.0 bar: CombAero=2327.7 K, Cantera=2327.6 K, diff=0.1 K

P_in=5.0 bar: CombAero=2327.7 K, Cantera=2327.6 K, diff=0.1 K

P_in=10.0 bar: CombAero=2327.7 K, Cantera=2327.6 K, diff=0.1 K

Max temperature deviation: 0.1 K
PASSED
test_combustion_validation.py::TestOxygenRequirement::test_methane_oxygen_requirement PASSED
test_combustion_validation.py::TestOxygenRequirement::test_propane_oxygen_requirement PASSED
test_combustion_validation.py::TestOxygenRequirement::test_hydrogen_oxygen_requirement PASSED
test_combustion_validation.py::TestEquivalenceRatio::test_stoichiometric_mixture PASSED
test_combustion_validation.py::TestEquivalenceRatio::test_lean_mixture PASSED
test_combustion_validation.py::TestEquivalenceRatio::test_rich_mixture PASSED

============================== 12 passed in 0.09s ==============================
============================= test session starts ==============================
platform darwin -- Python 3.12.11, pytest-8.4.2, pluggy-1.6.0 -- /Users/thiemo/Projects/combaero/.venv/bin/python
cachedir: .pytest_cache
rootdir: /Users/thiemo/Projects/combaero/cantera_validation_tests
configfile: pytest.ini
plugins: xdist-3.8.0, cov-4.1.0
collecting ... collected 20 items

test_mixing_validation.py::TestStreamMixing::test_two_stream_mixing_equal_mass FAILED
test_mixing_validation.py::TestStreamMixing::test_two_stream_mixing_unequal_mass FAILED
test_mixing_validation.py::TestStreamMixing::test_three_stream_mixing FAILED
test_mixing_validation.py::TestStreamMixing::test_enthalpy_conservation FAILED
test_mixing_validation.py::TestDensityCalculation::test_air_density PASSED
test_mixing_validation.py::TestDensityCalculation::test_methane_density FAILED
test_mixing_validation.py::TestDensityCalculation::test_density_temperature_variation PASSED
test_mixing_validation.py::TestDensityCalculation::test_density_pressure_variation PASSED
test_transport_validation.py::TestTransportProperties::test_air_viscosity FAILED
test_transport_validation.py::TestTransportProperties::test_viscosity_temperature_variation FAILED
test_transport_validation.py::TestTransportProperties::test_methane_viscosity FAILED
test_transport_validation.py::TestTransportProperties::test_air_thermal_conductivity FAILED
test_transport_validation.py::TestTransportProperties::test_thermal_conductivity_temperature_variation FAILED
test_transport_validation.py::TestTransportProperties::test_methane_thermal_conductivity FAILED
test_transport_validation.py::TestTransportProperties::test_prandtl_number FAILED
test_transport_validation.py::TestTransportProperties::test_mixture_transport_properties FAILED
test_transport_validation.py::TestTransportProperties::test_high_temperature_transport FAILED
test_transport_validation.py::TestThermodynamicProperties::test_air_cp FAILED
test_transport_validation.py::TestThermodynamicProperties::test_cp_temperature_variation FAILED
test_transport_validation.py::TestThermodynamicProperties::test_enthalpy FAILED

=================================== FAILURES ===================================
______________ TestStreamMixing.test_two_stream_mixing_equal_mass ______________
test_mixing_validation.py:29: in test_two_stream_mixing_equal_mass
    X_fuel[cb.species_index_from_name("CH4")] = 1.0
           ^^^^^^^^^^^^^^^^^^^^^^^^^^
E   AttributeError: module 'combaero' has no attribute 'species_index_from_name'
_____________ TestStreamMixing.test_two_stream_mixing_unequal_mass _____________
test_mixing_validation.py:72: in test_two_stream_mixing_unequal_mass
    X_fuel[cb.species_index_from_name("CH4")] = 1.0
           ^^^^^^^^^^^^^^^^^^^^^^^^^^
E   AttributeError: module 'combaero' has no attribute 'species_index_from_name'
__________________ TestStreamMixing.test_three_stream_mixing ___________________
test_mixing_validation.py:122: in test_three_stream_mixing
    X_fuel[cb.species_index_from_name("CH4")] = 1.0
           ^^^^^^^^^^^^^^^^^^^^^^^^^^
E   AttributeError: module 'combaero' has no attribute 'species_index_from_name'
_________________ TestStreamMixing.test_enthalpy_conservation __________________
test_mixing_validation.py:180: in test_enthalpy_conservation
    X_fuel[cb.species_index_from_name("CH4")] = 1.0
           ^^^^^^^^^^^^^^^^^^^^^^^^^^
E   AttributeError: module 'combaero' has no attribute 'species_index_from_name'
_________________ TestDensityCalculation.test_methane_density __________________
test_mixing_validation.py:253: in test_methane_density
    X_fuel = np.zeros(cb.num_species())
                      ^^^^^^^^^^^^^^
E   AttributeError: module 'combaero' has no attribute 'num_species'
__________________ TestTransportProperties.test_air_viscosity __________________
test_transport_validation.py:38: in test_air_viscosity
    assert rel_diff < tolerance_config["transport"], \
E   AssertionError: Viscosity mismatch: CombAero=1.68e-05 Pa·s, Cantera=1.87e-05 Pa·s, diff=10.2%
E   assert 0.10224019579781961 < 0.05
_________ TestTransportProperties.test_viscosity_temperature_variation _________
test_transport_validation.py:56: in test_viscosity_temperature_variation
    assert rel_diff < tolerance_config["transport"], \
E   AssertionError: T=300.0 K: CombAero=1.68e-05 Pa·s, Cantera=1.87e-05 Pa·s, diff=10.2%
E   assert 0.10224019579781961 < 0.05
________________ TestTransportProperties.test_methane_viscosity ________________
test_transport_validation.py:63: in test_methane_viscosity
    X_fuel = np.zeros(cb.num_species())
                      ^^^^^^^^^^^^^^
E   AttributeError: module 'combaero' has no attribute 'num_species'
____________ TestTransportProperties.test_air_thermal_conductivity _____________
test_transport_validation.py:93: in test_air_thermal_conductivity
    assert rel_diff < tolerance_config["transport"], \
E   AssertionError: Thermal conductivity mismatch: CombAero=0.0216 W/(m·K), Cantera=0.0264 W/(m·K), diff=18.2%
E   assert 0.18217242122818486 < 0.05
___ TestTransportProperties.test_thermal_conductivity_temperature_variation ____
test_transport_validation.py:111: in test_thermal_conductivity_temperature_variation
    assert rel_diff < tolerance_config["transport"], \
E   AssertionError: T=300.0 K: CombAero=0.0216 W/(m·K), Cantera=0.0264 W/(m·K), diff=18.2%
E   assert 0.18217242122818486 < 0.05
__________ TestTransportProperties.test_methane_thermal_conductivity ___________
test_transport_validation.py:118: in test_methane_thermal_conductivity
    X_fuel = np.zeros(cb.num_species())
                      ^^^^^^^^^^^^^^
E   AttributeError: module 'combaero' has no attribute 'num_species'
_________________ TestTransportProperties.test_prandtl_number __________________
test_transport_validation.py:152: in test_prandtl_number
    assert rel_diff < tolerance_config["transport"], \
E   AssertionError: Prandtl number mismatch: CombAero=0.7810, Cantera=0.7105, diff=9.9%
E   assert 0.09919304523719068 < 0.05
__________ TestTransportProperties.test_mixture_transport_properties ___________
test_transport_validation.py:161: in test_mixture_transport_properties
    X_fuel[cb.species_index_from_name("CH4")] = 1.0
           ^^^^^^^^^^^^^^^^^^^^^^^^^^
E   AttributeError: module 'combaero' has no attribute 'species_index_from_name'
___________ TestTransportProperties.test_high_temperature_transport ____________
test_transport_validation.py:191: in test_high_temperature_transport
    X_fuel[cb.species_index_from_name("CH4")] = 1.0
           ^^^^^^^^^^^^^^^^^^^^^^^^^^
E   AttributeError: module 'combaero' has no attribute 'species_index_from_name'
___________________ TestThermodynamicProperties.test_air_cp ____________________
test_transport_validation.py:248: in test_air_cp
    assert rel_diff < tolerance_config["enthalpy"], \
E   AssertionError: Cp mismatch: CombAero=29.11 J/(mol·K), Cantera=29067.14 J/(mol·K)
E   assert 0.9989986744724619 < 0.01
__________ TestThermodynamicProperties.test_cp_temperature_variation ___________
test_transport_validation.py:266: in test_cp_temperature_variation
    assert rel_diff < tolerance_config["enthalpy"], \
E   AssertionError: T=300.0 K: CombAero=29.11 J/(mol·K), Cantera=29067.14 J/(mol·K)
E   assert 0.9989986744724619 < 0.01
__________________ TestThermodynamicProperties.test_enthalpy ___________________
test_transport_validation.py:284: in test_enthalpy
    assert rel_diff < tolerance_config["enthalpy"], \
E   AssertionError: Enthalpy mismatch: CombAero=-103.6 J/mol, Cantera=-102517.6 J/mol
E   assert 0.9989898315936655 < 0.01
=========================== short test summary info ============================
FAILED test_mixing_validation.py::TestStreamMixing::test_two_stream_mixing_equal_mass - AttributeError: module 'combaero' has no attribute 'species_index_from_name'
FAILED test_mixing_validation.py::TestStreamMixing::test_two_stream_mixing_unequal_mass - AttributeError: module 'combaero' has no attribute 'species_index_from_name'
FAILED test_mixing_validation.py::TestStreamMixing::test_three_stream_mixing - AttributeError: module 'combaero' has no attribute 'species_index_from_name'
FAILED test_mixing_validation.py::TestStreamMixing::test_enthalpy_conservation - AttributeError: module 'combaero' has no attribute 'species_index_from_name'
FAILED test_mixing_validation.py::TestDensityCalculation::test_methane_density - AttributeError: module 'combaero' has no attribute 'num_species'
FAILED test_transport_validation.py::TestTransportProperties::test_air_viscosity - AssertionError: Viscosity mismatch: CombAero=1.68e-05 Pa·s, Cantera=1.87e-05 Pa·s, diff=10.2%
assert 0.10224019579781961 < 0.05
FAILED test_transport_validation.py::TestTransportProperties::test_viscosity_temperature_variation - AssertionError: T=300.0 K: CombAero=1.68e-05 Pa·s, Cantera=1.87e-05 Pa·s, diff=10.2%
assert 0.10224019579781961 < 0.05
FAILED test_transport_validation.py::TestTransportProperties::test_methane_viscosity - AttributeError: module 'combaero' has no attribute 'num_species'
FAILED test_transport_validation.py::TestTransportProperties::test_air_thermal_conductivity - AssertionError: Thermal conductivity mismatch: CombAero=0.0216 W/(m·K), Cantera=0.0264 W/(m·K), diff=18.2%
assert 0.18217242122818486 < 0.05
FAILED test_transport_validation.py::TestTransportProperties::test_thermal_conductivity_temperature_variation - AssertionError: T=300.0 K: CombAero=0.0216 W/(m·K), Cantera=0.0264 W/(m·K), diff=18.2%
assert 0.18217242122818486 < 0.05
FAILED test_transport_validation.py::TestTransportProperties::test_methane_thermal_conductivity - AttributeError: module 'combaero' has no attribute 'num_species'
FAILED test_transport_validation.py::TestTransportProperties::test_prandtl_number - AssertionError: Prandtl number mismatch: CombAero=0.7810, Cantera=0.7105, diff=9.9%
assert 0.09919304523719068 < 0.05
FAILED test_transport_validation.py::TestTransportProperties::test_mixture_transport_properties - AttributeError: module 'combaero' has no attribute 'species_index_from_name'
FAILED test_transport_validation.py::TestTransportProperties::test_high_temperature_transport - AttributeError: module 'combaero' has no attribute 'species_index_from_name'
FAILED test_transport_validation.py::TestThermodynamicProperties::test_air_cp - AssertionError: Cp mismatch: CombAero=29.11 J/(mol·K), Cantera=29067.14 J/(mol·K)
assert 0.9989986744724619 < 0.01
FAILED test_transport_validation.py::TestThermodynamicProperties::test_cp_temperature_variation - AssertionError: T=300.0 K: CombAero=29.11 J/(mol·K), Cantera=29067.14 J/(mol·K)
assert 0.9989986744724619 < 0.01
FAILED test_transport_validation.py::TestThermodynamicProperties::test_enthalpy - AssertionError: Enthalpy mismatch: CombAero=-103.6 J/mol, Cantera=-102517.6 J/mol
assert 0.9989898315936655 < 0.01
========================= 17 failed, 3 passed in 0.93s =========================
